<?xml version="1.0" encoding="UTF-8"?>
<!-- Generated by org.testng.reporters.JUnitReportReporter -->
<testsuite skipped="0" hostname="MSI" name="com.testcases.LoginPageTests" tests="4" failures="0" timestamp="2020-12-07T21:17:27 CST" time="43.342" errors="0">
  <testcase name="titleValidation" time="10.972" classname="com.testcases.LoginPageTests"/>
  <system-out/>
  <testcase name="login" time="11.007" classname="com.testcases.LoginPageTests"/>
  <system-out/>
  <testcase name="negativeLogin" time="10.203" classname="com.testcases.LoginPageTests"/>
  <system-out/>
  <testcase name="negativeLogin" time="11.160" classname="com.testcases.LoginPageTests"/>
  <system-out/>
</testsuite> <!-- com.testcases.LoginPageTests -->
